sampler <dwave.system.composites.embedding.EmbeddingComposite object at 0x7fa81c413df0>
sampleset     P0_AM P0_PM P1_AM P1_PM P2_AM ... slack_c2_time_1_1 energy num_oc. ...
240     0     1     1     0     0 ...                 0  137.0       1 ...
242     0     0     0     0     0 ...                 1  143.0       1 ...
246     0     0     0     0     0 ...                 0  147.0       1 ...
247     1     1     0     0     0 ...                 0  147.0       1 ...
250     0     1     1     0     1 ...                 0  149.0       2 ...
251     0     1     1     0     0 ...                 0  151.0       1 ...
252     1     1     0     0     0 ...                 1  151.0       1 ...
253     1     0     1     0     0 ...                 1  152.0       1 ...
254     1     1     0     0     0 ...                 0  152.0       2 ...
85      0     1     0     1     0 ...                 1  153.0       1 ...
255     0     0     0     0     0 ...                 0  153.0       1 ...
256     0     1     0     1     0 ...                 0  153.0       1 ...
257     1     0     1     0     0 ...                 0  153.0       1 ...
86      0     1     0     1     0 ...                 0  154.0       1 ...
87      0     1     0     1     0 ...                 0  154.0       1 ...
258     0     1     1     0     1 ...                 0  154.0       1 ...
259     0     1     0     1     0 ...                 0  154.0       1 ...
260     0     1     1     0     1 ...                 1  154.0       1 ...
261     0     1     0     1     0 ...                 0  154.0       1 ...
833     0     1     1     0     1 ...                 0  154.0       1 ...
88      0     1     0     1     0 ...                 0  155.0       1 ...
262     0     0     0     0     0 ...                 1  155.0       1 ...
263     1     0     1     0     0 ...                 1  155.0       1 ...
264     1     0     0     1     0 ...                 0  155.0       1 ...
265     1     0     1     0     0 ...                 1  155.0       1 ...
89      0     1     0     1     0 ...                 0  156.0       1 ...
90      0     1     0     1     0 ...                 0  156.0       1 ...
266     0     1     1     0     1 ...                 1  156.0       1 ...
267     1     0     1     0     0 ...                 1  156.0       1 ...
268     1     0     1     0     0 ...                 1  156.0       1 ...
269     0     1     1     0     1 ...                 0  157.0       1 ...
270     0     1     1     0     1 ...                 0  157.0       1 ...
836     0     1     1     0     1 ...                 0  157.0       1 ...
845     0     1     1     0     1 ...                 1  157.0       1 ...
91      0     1     0     1     0 ...                 0  158.0       1 ...
92      0     1     0     1     0 ...                 0  158.0       1 ...
93      0     1     0     1     0 ...                 1  158.0       1 ...
94      0     1     0     1     0 ...                 1  158.0       1 ...
271     0     1     1     0     1 ...                 1  158.0       1 ...
272     1     0     1     0     0 ...                 1  158.0       1 ...
95      0     1     0     1     0 ...                 0  159.0       1 ...
96      0     1     0     1     0 ...                 0  159.0       1 ...
97      0     1     0     1     0 ...                 0  159.0       1 ...
98      0     1     0     1     0 ...                 1  159.0       1 ...
99      0     1     0     1     0 ...                 1  159.0       1 ...
273     0     1     1     0     1 ...                 1  159.0       1 ...
274     0     1     0     1     0 ...                 1  159.0       1 ...
848     0     1     1     0     1 ...                 0  159.0       1 ...
849     0     1     1     0     1 ...                 1  159.0       2 ...
100     0     1     0     1     0 ...                 0  160.0       1 ...
101     0     1     0     1     0 ...                 0  160.0       1 ...
275     0     0     0     0     0 ...                 1  160.0       1 ...
276     0     0     0     0     1 ...                 0  160.0       1 ...
277     0     1     0     1     0 ...                 1  160.0       1 ...
278     0     1     0     1     1 ...                 1  160.0       1 ...
102     0     1     0     1     0 ...                 0  161.0       1 ...
103     0     1     0     1     0 ...                 1  161.0       1 ...
104     0     1     0     1     0 ...                 0  161.0       1 ...
105     0     1     0     1     0 ...                 0  161.0       1 ...
106     0     1     0     1     0 ...                 1  162.0       1 ...
107     0     1     0     1     0 ...                 0  162.0       1 ...
108     0     1     0     1     0 ...                 1  162.0       1 ...
109     0     1     0     1     0 ...                 1  162.0       1 ...
280     0     1     0     1     0 ...                 0  162.0       1 ...
281     0     1     0     1     1 ...                 0  162.0       1 ...
282     1     0     1     0     0 ...                 1  162.0       1 ...
283     1     0     0     1     0 ...                 1  162.0       1 ...
850     1     0     1     0     1 ...                 1  162.0       1 ...
110     0     1     0     1     0 ...                 1  163.0       1 ...
111     0     1     0     1     0 ...                 1  163.0       1 ...
284     1     0     0     1     0 ...                 1  163.0       1 ...
841     1     0     1     0     1 ...                 1  163.0       1 ...
112     0     1     0     1     0 ...                 1  164.0       1 ...
113     0     1     0     1     0 ...                 0  164.0       1 ...
114     0     1     0     1     0 ...                 0  164.0       2 ...
115     0     1     0     1     0 ...                 0  164.0       1 ...
116     0     1     0     1     0 ...                 1  164.0       1 ...
285     0     1     0     1     1 ...                 1  164.0       1 ...
286     1     0     0     1     0 ...                 0  164.0       1 ...
287     1     0     0     1     0 ...                 0  164.0       1 ...
288     1     0     0     1     0 ...                 0  164.0       1 ...
289     1     0     0     1     0 ...                 0  164.0       1 ...
842     1     0     1     0     1 ...                 0  164.0       1 ...
290     0     1     0     1     1 ...                 1  165.0       1 ...
291     0     1     1     0     1 ...                 1  165.0       1 ...
292     1     0     1     0     1 ...                 1  165.0       2 ...
293     1     1     0     0     0 ...                 1  166.0       1 ...
117     0     1     0     1     0 ...                 0  167.0       1 ...
118     0     1     0     1     0 ...                 1  167.0       1 ...
119     0     1     0     1     0 ...                 0  167.0       2 ...
120     0     1     0     1     0 ...                 1  167.0       1 ...
121     0     1     0     1     0 ...                 0  167.0       1 ...
294     0     1     1     0     1 ...                 0  167.0       1 ...
295     0     1     0     1     1 ...                 0  167.0       2 ...
296     1     1     0     0     0 ...                 0  167.0       2 ...
297     1     0     1     0     1 ...                 1  167.0       1 ...
856     0     1     1     0     1 ...                 1  167.0       1 ...
122     0     1     0     1     0 ...                 1  168.0       1 ...
123     0     1     0     1     0 ...                 1  168.0       1 ...
298     0     0     0     0     0 ...                 0  168.0       1 ...
299     0     1     0     1     1 ...                 0  168.0       1 ...
300     0     1     0     1     0 ...                 1  168.0       1 ...
301     1     1     0     0     0 ...                 1  168.0       1 ...
302     1     1     0     0     0 ...                 1  168.0       1 ...
303     1     0     0     1     0 ...                 1  168.0       1 ...
126     0     1     0     1     0 ...                 1  169.0       1 ...
127     0     1     0     1     0 ...                 1  169.0       1 ...
128     0     1     0     1     0 ...                 1  169.0       1 ...
304     0     1     0     1     0 ...                 1  169.0       1 ...
305     0     1     0     0     0 ...                 0  169.0       1 ...
306     1     0     0     1     0 ...                 0  169.0       1 ...
307     0     0     0     0     1 ...                 1  170.0       1 ...
308     0     1     0     1     0 ...                 1  170.0       1 ...
309     0     1     0     1     1 ...                 1  170.0       1 ...
310     0     1     0     1     1 ...                 1  170.0       1 ...
311     1     0     0     1     1 ...                 0  170.0       1 ...
312     0     0     0     0     1 ...                 0  171.0       1 ...
313     0     1     0     1     1 ...                 1  171.0       1 ...
314     0     1     0     1     1 ...                 0  171.0       1 ...
315     1     0     0     1     0 ...                 1  171.0       2 ...
131     0     1     0     1     0 ...                 1  172.0       1 ...
132     0     1     0     1     0 ...                 0  172.0       1 ...
133     0     1     0     1     0 ...                 1  172.0       1 ...
316     0     0     0     0     0 ...                 1  172.0       1 ...
317     0     1     1     0     0 ...                 0  172.0       1 ...
318     1     0     0     1     0 ...                 1  172.0       1 ...
319     1     0     0     1     1 ...                 1  172.0       1 ...
320     1     0     1     0     1 ...                 0  172.0       1 ...
321     1     0     0     1     1 ...                 1  172.0       1 ...
322     0     1     0     0     0 ...                 1  173.0       1 ...
323     0     1     0     1     1 ...                 0  173.0       1 ...
324     1     0     0     1     0 ...                 1  173.0       1 ...
325     1     0     0     1     0 ...                 1  173.0       1 ...
326     1     0     0     1     0 ...                 1  173.0       1 ...
139     0     1     0     1     0 ...                 1  174.0       1 ...
140     0     1     0     1     0 ...                 1  174.0       1 ...
327     0     0     0     0     1 ...                 0  174.0       1 ...
328     0     1     0     0     0 ...                 1  174.0       1 ...
142     0     1     0     1     0 ...                 1  175.0       1 ...
329     0     1     0     0     0 ...                 0  175.0       1 ...
330     0     1     0     1     1 ...                 0  175.0       1 ...
331     0     1     0     1     1 ...                 0  175.0       1 ...
332     1     0     0     1     1 ...                 1  175.0       1 ...
682     1     1     1     0     0 ...                 0  175.0       1 ...
703     1     1     1     0     0 ...                 1  175.0       1 ...
940     0     1     0     1     1 ...                 1  175.0       1 ...
143     0     1     0     1     0 ...                 1  176.0       1 ...
333     0     0     0     0     1 ...                 1  176.0       1 ...
334     0     1     0     1     1 ...                 0  176.0       1 ...
335     1     0     1     0     1 ...                 0  176.0       1 ...
336     1     0     0     1     1 ...                 0  176.0       1 ...
337     1     0     0     1     1 ...                 0  176.0       1 ...
855     1     0     1     0     1 ...                 0  176.0       1 ...
860     1     0     1     0     1 ...                 0  176.0       1 ...
144     0     1     0     1     0 ...                 1  177.0       1 ...
338     0     0     0     0     0 ...                 1  177.0       1 ...
339     0     0     0     0     0 ...                 1  177.0       1 ...
340     0     1     0     1     1 ...                 0  177.0       1 ...
341     1     0     0     1     1 ...                 1  177.0       1 ...
342     1     0     1     0     1 ...                 1  177.0       1 ...
343     1     0     0     1     1 ...                 1  177.0       1 ...
344     1     0     0     0     0 ...                 1  178.0       1 ...
345     1     1     1     0     0 ...                 1  178.0       1 ...
346     0     1     0     0     0 ...                 0  179.0       1 ...
347     0     1     0     0     0 ...                 1  179.0       1 ...
348     0     1     0     1     1 ...                 1  179.0       1 ...
349     0     1     0     0     0 ...                 1  179.0       1 ...
350     1     0     0     1     1 ...                 1  180.0       1 ...
351     1     0     0     1     1 ...                 1  180.0       1 ...
352     0     1     1     0     0 ...                 1  180.0       1 ...
353     1     0     0     1     1 ...                 1  180.0       1 ...
956     1     0     0     1     1 ...                 1  180.0       1 ...
354     0     0     0     0     1 ...                 1  181.0       1 ...
355     0     1     1     0     0 ...                 0  181.0       1 ...
356     1     0     0     1     0 ...                 1  181.0       1 ...
357     0     1     1     0     0 ...                 1  181.0       1 ...
858     0     1     0     1     0 ...                 0  181.0       1 ...
358     0     0     0     0     0 ...                 1  182.0       1 ...
359     0     1     0     0     1 ...                 0  182.0       1 ...
360     0     1     1     0     0 ...                 0  182.0       1 ...
361     1     0     0     1     1 ...                 1  182.0       1 ...
362     1     0     0     1     1 ...                 0  182.0       1 ...
363     1     1     0     1     0 ...                 0  183.0       1 ...
364     1     0     0     0     0 ...                 1  183.0       1 ...
365     0     0     0     0     0 ...                 1  184.0       1 ...
366     0     1     0     0     0 ...                 1  184.0       1 ...
367     1     0     1     0     1 ...                 0  184.0       1 ...
368     1     0     0     1     1 ...                 0  184.0       1 ...
369     0     1     1     0     1 ...                 1  184.0       1 ...
370     0     1     0     1     0 ...                 1  185.0       1 ...
371     1     0     0     1     1 ...                 1  185.0       1 ...
372     0     1     0     1     0 ...                 0  185.0       1 ...
373     1     0     0     1     1 ...                 1  185.0       1 ...
374     0     1     0     1     0 ...                 0  185.0       1 ...
375     0     0     0     0     1 ...                 1  186.0       1 ...
376     0     1     0     0     1 ...                 0  186.0       1 ...
377     1     1     0     0     0 ...                 0  186.0       1 ...
378     1     1     0     0     0 ...                 1  186.0       1 ...
379     0     1     0     1     0 ...                 0  186.0       1 ...
380     0     1     0     1     0 ...                 0  187.0       1 ...
381     0     1     0     1     0 ...                 0  187.0       1 ...
382     1     1     0     1     0 ...                 0  187.0       1 ...
383     1     1     0     1     0 ...                 0  188.0       1 ...
384     0     1     0     0     0 ...                 1  189.0       1 ...
385     0     1     1     0     1 ...                 1  189.0       2 ...
710     1     1     1     0     0 ...                 1  189.0       1 ...
863     1     0     1     0     1 ...                 0  189.0       1 ...
386     0     1     0     1     0 ...                 0  190.0       1 ...
387     0     1     1     0     1 ...                 0  190.0       1 ...
388     0     1     0     1     0 ...                 0  190.0       1 ...
389     0     1     0     1     0 ...                 1  190.0       1 ...
390     1     0     0     1     0 ...                 0  190.0       1 ...
391     0     1     0     0     1 ...                 0  191.0       1 ...
392     0     1     0     0     1 ...                 0  191.0       1 ...
393     0     1     0     1     0 ...                 0  191.0       1 ...
394     0     1     0     1     0 ...                 0  191.0       1 ...
395     1     1     0     1     0 ...                 1  191.0       1 ...
396     1     0     0     1     0 ...                 0  191.0       1 ...
861     0     1     0     1     0 ...                 0  191.0       1 ...
397     0     1     1     0     1 ...                 1  192.0       1 ...
398     1     1     0     1     0 ...                 1  192.0       1 ...
399     0     1     0     1     0 ...                 0  192.0       1 ...
400     1     1     0     1     0 ...                 0  192.0       1 ...
401     0     1     0     0     0 ...                 1  193.0       1 ...
402     0     1     0     0     0 ...                 1  193.0       1 ...
403     0     0     0     0     1 ...                 0  194.0       1 ...
404     0     1     0     0     0 ...                 1  194.0       1 ...
405     0     1     0     0     0 ...                 0  194.0       1 ...
406     0     1     0     1     0 ...                 1  194.0       1 ...
407     1     1     0     1     0 ...                 0  194.0       1 ...
408     1     0     1     0     0 ...                 1  194.0       1 ...
409     1     1     1     0     0 ...                 0  194.0       1 ...
731     1     1     1     0     0 ...                 0  194.0       1 ...
824     0     1     1     0     1 ...                 1  194.0       1 ...
862     0     1     0     1     0 ...                 1  194.0       1 ...
410     0     1     0     1     0 ...                 1  195.0       1 ...
411     1     0     0     1     0 ...                 0  195.0       1 ...
412     0     1     1     0     1 ...                 1  195.0       1 ...
413     0     1     0     1     0 ...                 1  195.0       1 ...
414     1     0     0     1     0 ...                 0  196.0       1 ...
415     1     0     0     1     0 ...                 1  196.0       1 ...
416     0     1     1     0     1 ...                 0  196.0       1 ...
417     1     0     1     0     0 ...                 1  196.0       1 ...
720     1     1     1     0     0 ...                 1  196.0       1 ...
184     1     0     1     0     1 ...                 0  197.0       1 ...
418     1     1     0     1     0 ...                 1  197.0       1 ...
419     0     1     1     0     1 ...                 1  197.0       2 ...
420     1     1     0     1     0 ...                 0  197.0       1 ...
421     0     1     0     0     1 ...                 1  198.0       1 ...
422     1     1     0     1     0 ...                 0  198.0       1 ...
423     0     1     0     1     0 ...                 1  198.0       1 ...
424     0     1     1     0     1 ...                 0  198.0       1 ...
425     1     0     0     0     0 ...                 1  198.0       1 ...
426     0     1     1     0     1 ...                 0  198.0       1 ...
831     0     1     1     0     1 ...                 1  198.0       1 ...
427     1     0     0     1     0 ...                 1  199.0       1 ...
428     1     0     1     0     1 ...                 1  199.0       1 ...
429     0     1     0     1     0 ...                 1  199.0       1 ...
430     1     1     0     1     0 ...                 1  200.0       1 ...
431     0     1     0     1     0 ...                 0  200.0       1 ...
864     0     1     0     1     0 ...                 1  200.0       1 ...
432     0     0     1     0     1 ...                 1  201.0       1 ...
433     0     0     1     0     1 ...                 0  201.0       1 ...
434     1     0     0     1     0 ...                 1  201.0       1 ...
435     1     0     0     0     1 ...                 1  201.0       1 ...
436     1     0     0     0     1 ...                 1  201.0       1 ...
194     1     0     1     0     1 ...                 0  202.0       1 ...
437     1     1     0     1     0 ...                 1  202.0       1 ...
438     0     1     0     1     1 ...                 0  202.0       1 ...
439     0     1     0     1     0 ...                 0  202.0       1 ...
441     1     0     0     1     0 ...                 0  203.0       1 ...
442     1     0     0     0     1 ...                 0  203.0       1 ...
443     0     1     1     0     1 ...                 1  203.0       1 ...
444     0     1     1     0     1 ...                 1  203.0       1 ...
445     1     1     0     1     0 ...                 0  203.0       1 ...
446     0     1     0     1     1 ...                 0  203.0       1 ...
447     1     1     0     1     0 ...                 0  203.0       1 ...
448     1     0     0     0     0 ...                 0  203.0       1 ...
449     0     1     0     1     1 ...                 1  203.0       1 ...
837     0     1     1     0     1 ...                 0  203.0       1 ...
450     0     0     1     0     1 ...                 1  204.0       1 ...
451     0     0     1     0     1 ...                 1  204.0       1 ...
452     1     0     0     1     0 ...                 0  204.0       1 ...
453     1     0     0     1     0 ...                 1  204.0       1 ...
938     0     1     0     1     0 ...                 1  204.0       1 ...
454     0     0     0     1     1 ...                 0  205.0       1 ...
455     0     1     0     0     1 ...                 1  205.0       1 ...
456     0     1     0     1     0 ...                 1  205.0       1 ...
457     1     0     0     1     0 ...                 0  205.0       1 ...
458     0     1     0     0     1 ...                 0  206.0       1 ...
459     0     1     0     1     1 ...                 0  206.0       1 ...
460     0     1     0     1     1 ...                 0  206.0       1 ...
461     1     0     0     1     1 ...                 1  207.0       1 ...
908     1     0     1     0     1 ...                 0  207.0       1 ...
463     0     0     0     1     1 ...                 1  208.0       1 ...
867     1     0     0     1     0 ...                 1  208.0       1 ...
466     0     0     0     1     1 ...                 0  209.0       1 ...
467     1     0     1     0     1 ...                 1  209.0       1 ...
468     0     1     0     1     1 ...                 1  209.0       1 ...
469     1     0     0     1     0 ...                 1  209.0       1 ...
470     1     0     0     1     0 ...                 0  209.0       1 ...
208     1     0     1     0     1 ...                 0  210.0       1 ...
472     0     0     0     1     1 ...                 0  210.0       1 ...
473     1     1     0     1     0 ...                 1  210.0       1 ...
474     1     0     0     0     1 ...                 0  210.0       1 ...
475     0     1     0     1     1 ...                 1  210.0       2 ...
476     0     0     1     0     1 ...                 0  211.0       1 ...
477     1     0     0     1     1 ...                 1  211.0       1 ...
478     1     0     0     1     0 ...                 0  211.0       1 ...
479     1     0     1     0     1 ...                 1  211.0       1 ...
480     0     1     1     0     1 ...                 0  211.0       1 ...
481     1     1     0     1     0 ...                 0  212.0       1 ...
482     1     0     0     1     1 ...                 0  212.0       1 ...
483     1     0     0     1     1 ...                 0  212.0       1 ...
484     1     0     0     1     1 ...                 1  213.0       1 ...
485     1     0     0     0     1 ...                 0  213.0       1 ...
486     0     0     0     1     1 ...                 0  214.0       1 ...
487     1     0     0     1     1 ...                 0  214.0       1 ...
215     1     0     1     0     1 ...                 0  215.0       1 ...
216     1     0     1     0     1 ...                 0  215.0       1 ...
488     1     1     1     0     0 ...                 1  215.0       1 ...
489     1     0     0     1     1 ...                 1  215.0       1 ...
490     1     0     0     1     1 ...                 0  216.0       1 ...
491     1     0     0     1     1 ...                 1  216.0       1 ...
492     0     0     1     0     1 ...                 0  218.0       1 ...
493     1     1     1     0     0 ...                 1  218.0       1 ...
494     1     1     0     1     0 ...                 1  218.0       1 ...
495     1     0     0     0     1 ...                 0  218.0       1 ...
496     0     1     1     1     0 ...                 0  218.0       1 ...
220     1     0     1     0     1 ...                 1  219.0       1 ...
497     0     0     0     1     1 ...                 0  219.0       1 ...
498     1     1     0     1     0 ...                 0  220.0       1 ...
499     1     0     0     1     1 ...                 0  220.0       1 ...
500     1     0     0     1     1 ...                 0  221.0       1 ...
501     1     0     0     1     1 ...                 1  221.0       1 ...
502     0     0     1     1     1 ...                 0  221.0       1 ...
503     1     1     0     1     0 ...                 0  223.0       1 ...
504     0     1     1     1     0 ...                 0  223.0       1 ...
505     1     0     0     0     1 ...                 0  223.0       1 ...
506     0     0     1     0     1 ...                 1  224.0       1 ...
507     1     0     0     1     1 ...                 1  226.0       1 ...
508     1     1     0     1     0 ...                 0  227.0       1 ...
509     1     1     0     1     0 ...                 0  227.0       1 ...
510     1     0     1     1     0 ...                 0  227.0       1 ...
511     1     0     0     0     0 ...                 1  228.0       1 ...
512     1     1     1     0     0 ...                 0  229.0       1 ...
513     1     0     1     1     0 ...                 0  230.0       1 ...
514     0     0     0     1     1 ...                 1  231.0       1 ...
515     1     0     1     1     0 ...                 0  231.0       1 ...
516     0     0     1     1     1 ...                 0  231.0       1 ...
517     0     0     1     0     1 ...                 0  232.0       1 ...
518     1     1     0     1     0 ...                 0  233.0       1 ...
916     0     0     0     1     1 ...                 1  233.0       1 ...
519     0     1     0     0     0 ...                 0  234.0       1 ...
520     1     0     0     1     1 ...                 0  234.0       1 ...
522     0     0     0     1     0 ...                 0  235.0       1 ...
523     0     1     1     1     1 ...                 1  235.0       1 ...
524     0     1     1     1     1 ...                 0  235.0       1 ...
525     1     0     1     1     0 ...                 0  235.0       1 ...
526     0     1     0     0     0 ...                 1  236.0       2 ...
527     0     1     1     1     1 ...                 0  236.0       1 ...
528     0     1     1     1     1 ...                 0  236.0       1 ...
529     0     0     1     0     0 ...                 0  236.0       1 ...
531     0     1     1     1     0 ...                 0  237.0       1 ...
532     0     0     1     0     0 ...                 1  237.0       1 ...
533     1     1     0     1     0 ...                 1  238.0       1 ...
534     1     1     0     1     0 ...                 0  239.0       1 ...
535     0     1     1     1     0 ...                 0  239.0       1 ...
536     0     0     0     1     1 ...                 0  239.0       1 ...
537     1     1     0     1     0 ...                 1  240.0       1 ...
918     0     0     0     1     0 ...                 0  240.0       1 ...
538     0     0     1     1     1 ...                 0  241.0       1 ...
539     0     0     0     1     1 ...                 0  241.0       2 ...
540     1     0     0     0     0 ...                 1  241.0       1 ...
541     0     1     0     0     0 ...                 1  242.0       1 ...
542     0     1     0     0     0 ...                 1  242.0       1 ...
543     1     0     1     1     0 ...                 0  242.0       1 ...
545     0     0     1     0     1 ...                 1  243.0       1 ...
546     0     1     0     0     0 ...                 1  243.0       1 ...
547     0     1     1     1     1 ...                 1  243.0       1 ...
548     0     0     1     0     1 ...                 0  244.0       1 ...
549     1     0     1     1     1 ...                 1  244.0       1 ...
550     1     0     1     1     1 ...                 1  244.0       1 ...
551     0     0     0     1     1 ...                 0  245.0       1 ...
554     0     0     0     1     0 ...                 0  246.0       1 ...
555     0     0     0     1     1 ...                 0  246.0       1 ...
558     0     0     0     1     1 ...                 1  247.0       1 ...
559     0     1     1     1     0 ...                 1  247.0       1 ...
561     0     0     0     1     0 ...                 1  248.0       1 ...
562     1     0     1     1     1 ...                 1  248.0       1 ...
563     0     0     1     0     1 ...                 0  249.0       1 ...
564     0     0     1     0     1 ...                 1  249.0       1 ...
565     0     0     1     0     0 ...                 0  249.0       1 ...
566     0     0     0     1     1 ...                 1  249.0       1 ...
567     0     0     0     1     1 ...                 0  249.0       1 ...
569     1     0     1     1     1 ...                 1  250.0       1 ...
570     0     0     0     1     1 ...                 0  250.0       1 ...
571     0     1     1     1     1 ...                 0  250.0       1 ...
572     0     1     1     1     0 ...                 1  250.0       1 ...
575     1     0     1     1     0 ...                 0  251.0       1 ...
576     0     1     1     1     1 ...                 1  251.0       1 ...
577     0     1     1     1     1 ...                 1  251.0       1 ...
581     0     0     1     0     1 ...                 0  252.0       1 ...
582     0     0     0     1     1 ...                 1  252.0       1 ...
583     0     0     0     1     1 ...                 1  252.0       1 ...
584     0     0     0     1     1 ...                 1  252.0       1 ...
586     0     0     1     0     1 ...                 0  253.0       1 ...
587     0     1     0     0     0 ...                 0  253.0       1 ...
588     0     0     1     0     1 ...                 0  253.0       1 ...
589     0     0     1     0     1 ...                 0  253.0       1 ...
592     0     0     0     1     0 ...                 0  254.0       1 ...
593     0     0     1     1     1 ...                 0  254.0       1 ...
594     0     0     0     1     1 ...                 0  254.0       1 ...
597     0     0     0     1     1 ...                 0  257.0       1 ...
598     0     0     1     0     1 ...                 0  257.0       1 ...
599     0     0     0     1     1 ...                 1  257.0       1 ...
601     0     0     0     1     0 ...                 0  258.0       1 ...
602     0     0     0     1     1 ...                 0  258.0       1 ...
605     0     0     1     0     1 ...                 0  260.0       1 ...
607     0     0     0     1     1 ...                 0  261.0       1 ...
608     0     0     0     1     1 ...                 0  261.0       1 ...
609     0     0     1     0     1 ...                 1  262.0       1 ...
610     0     0     0     1     0 ...                 1  263.0       1 ...
611     0     0     0     1     0 ...                 1  264.0       1 ...
612     0     0     0     1     1 ...                 1  264.0       1 ...
613     0     0     1     1     0 ...                 1  264.0       1 ...
614     0     0     1     0     1 ...                 1  266.0       1 ...
615     0     0     0     1     0 ...                 0  266.0       1 ...
616     1     0     0     0     0 ...                 1  266.0       1 ...
617     0     0     0     1     1 ...                 1  266.0       1 ...
618     0     0     1     1     0 ...                 0  266.0       1 ...
619     0     0     0     1     0 ...                 1  267.0       1 ...
621     0     0     1     0     0 ...                 1  268.0       1 ...
622     0     0     1     0     0 ...                 1  268.0       1 ...
623     0     0     1     0     1 ...                 0  270.0       1 ...
624     1     1     1     1     1 ...                 0  271.0       1 ...
625     0     0     0     1     1 ...                 0  273.0       1 ...
626     1     0     1     1     1 ...                 0  273.0       1 ...
628     1     1     1     1     0 ...                 0  274.0       1 ...
629     1     1     1     1     1 ...                 0  274.0       2 ...
630     1     1     1     1     1 ...                 1  275.0       1 ...
631     0     0     1     1     0 ...                 1  275.0       1 ...
632     1     1     1     1     1 ...                 1  276.0       1 ...
633     0     0     1     1     0 ...                 1  276.0       1 ...
634     0     0     0     1     0 ...                 1  276.0       1 ...
882     0     0     0     1     0 ...                 0  276.0       1 ...
635     0     0     0     1     1 ...                 1  277.0       1 ...
636     1     1     1     1     1 ...                 0  277.0       1 ...
637     1     1     1     1     0 ...                 1  277.0       1 ...
0       0     0     1     0     1 ...                 1  278.0       1 ...
638     1     1     1     1     1 ...                 0  279.0       1 ...
639     1     1     1     1     0 ...                 0  279.0       1 ...
640     0     0     0     0     1 ...                 1  279.0       1 ...
641     1     1     1     1     1 ...                 0  280.0       1 ...
642     1     1     1     1     1 ...                 0  280.0       1 ...
643     1     1     1     1     1 ...                 0  280.0       1 ...
644     0     0     0     1     1 ...                 1  281.0       1 ...
645     0     0     1     1     0 ...                 1  281.0       2 ...
646     0     0     0     1     0 ...                 1  281.0       1 ...
647     0     0     0     1     0 ...                 1  282.0       1 ...
648     1     1     1     1     0 ...                 1  283.0       1 ...
1       0     0     1     0     1 ...                 1  284.0       1 ...
649     0     0     0     1     0 ...                 1  284.0       1 ...
650     0     0     0     1     0 ...                 0  285.0       1 ...
651     1     1     1     1     1 ...                 1  286.0       1 ...
652     1     1     0     0     1 ...                 0  286.0       1 ...
2       0     0     1     0     1 ...                 1  287.0       1 ...
653     1     1     1     1     0 ...                 0  287.0       1 ...
888     0     0     0     1     0 ...                 0  287.0       1 ...
3       0     0     1     0     1 ...                 1  288.0       1 ...
4       0     0     1     0     1 ...                 1  288.0       1 ...
654     0     0     1     0     1 ...                 0  288.0       1 ...
655     0     0     0     1     1 ...                 1  289.0       1 ...
9       0     0     1     0     1 ...                 0  291.0       1 ...
10      0     0     1     0     1 ...                 0  291.0       2 ...
656     0     0     0     1     1 ...                 1  291.0       1 ...
11      0     0     1     0     1 ...                 1  293.0       1 ...
657     0     0     0     1     0 ...                 1  293.0       1 ...
658     0     0     0     1     1 ...                 0  294.0       1 ...
659     0     0     0     1     1 ...                 0  295.0       1 ...
18      0     0     1     0     1 ...                 0  296.0       1 ...
19      0     0     1     0     1 ...                 0  296.0       1 ...
20      0     0     1     0     1 ...                 0  296.0       1 ...
660     0     0     1     0     0 ...                 0  296.0       1 ...
661     0     0     0     1     0 ...                 1  296.0       1 ...
662     0     0     0     1     1 ...                 1  296.0       1 ...
663     0     0     1     1     0 ...                 1  296.0       1 ...
890     0     0     0     1     0 ...                 0  296.0       1 ...
5       1     1     0     1     0 ...                 0  297.0       1 ...
25      0     0     1     0     1 ...                 0  297.0       1 ...
26      0     0     1     0     1 ...                 1  297.0       1 ...
6       1     1     0     1     0 ...                 0  298.0       2 ...
7       1     1     0     1     0 ...                 0  298.0       1 ...
8       1     1     0     1     0 ...                 0  298.0       1 ...
28      0     0     1     0     1 ...                 0  298.0       1 ...
29      0     0     1     0     1 ...                 1  298.0       1 ...
30      0     0     1     0     1 ...                 1  298.0       1 ...
31      0     0     1     0     1 ...                 0  298.0       1 ...
664     0     0     0     1     1 ...                 1  298.0       1 ...
665     0     0     1     1     0 ...                 1  299.0       1 ...
795     1     1     1     0     0 ...                 0  299.0       1 ...
12      1     1     0     1     0 ...                 0  301.0       1 ...
124     1     1     1     0     1 ...                 0  301.0       1 ...
125     1     1     1     0     1 ...                 0  301.0       1 ...
666     1     1     0     0     1 ...                 0  301.0       1 ...
667     0     0     1     0     1 ...                 0  301.0       1 ...
668     0     0     0     1     1 ...                 0  301.0       1 ...
13      1     1     0     1     0 ...                 0  302.0       1 ...
14      1     1     0     1     0 ...                 0  302.0       1 ...
669     0     0     0     1     1 ...                 1  302.0       1 ...
670     0     0     0     1     0 ...                 0  302.0       1 ...
671     1     1     0     0     1 ...                 0  302.0       1 ...
15      1     1     0     1     0 ...                 0  303.0       2 ...
16      1     1     0     1     0 ...                 0  303.0       1 ...
17      1     1     0     1     0 ...                 0  303.0       1 ...
46      0     0     1     0     1 ...                 0  303.0       1 ...
129     1     1     1     0     1 ...                 1  303.0       1 ...
21      1     1     0     1     0 ...                 0  304.0       2 ...
22      1     1     0     1     0 ...                 0  304.0       1 ...
23      1     1     0     1     0 ...                 0  304.0       2 ...
24      1     1     0     1     0 ...                 0  304.0       1 ...
130     1     1     1     0     1 ...                 0  304.0       2 ...
672     0     0     1     1     0 ...                 1  304.0       1 ...
673     0     0     1     1     0 ...                 1  304.0       1 ...
791     0     0     1     1     0 ...                 0  304.0       1 ...
941     0     0     1     1     0 ...                 1  304.0       1 ...
27      1     1     0     1     0 ...                 0  305.0       1 ...
134     1     1     1     0     1 ...                 0  305.0       1 ...
135     1     1     1     0     1 ...                 0  305.0       1 ...
136     1     1     1     0     1 ...                 0  305.0       2 ...
137     1     1     1     0     1 ...                 0  305.0       1 ...
145     1     1     1     0     1 ...                 0  305.0       2 ...
675     1     1     0     1     1 ...                 0  305.0       1 ...
32      1     1     0     1     0 ...                 1  306.0       1 ...
33      1     1     0     1     0 ...                 0  306.0       1 ...
138     1     1     1     0     1 ...                 1  306.0       1 ...
146     1     1     1     0     1 ...                 0  306.0       1 ...
676     1     1     1     0     0 ...                 1  306.0       1 ...
677     0     0     0     0     1 ...                 0  306.0       1 ...
34      1     1     0     1     0 ...                 0  307.0       1 ...
35      1     1     0     1     0 ...                 0  307.0       1 ...
36      1     1     0     1     0 ...                 1  307.0       1 ...
37      1     1     0     1     0 ...                 0  307.0       1 ...
38      1     1     0     1     0 ...                 0  307.0       1 ...
60      0     0     1     0     1 ...                 0  307.0       1 ...
61      0     0     1     0     1 ...                 1  307.0       1 ...
141     1     1     1     0     1 ...                 0  307.0       1 ...
147     1     1     1     0     1 ...                 0  307.0       1 ...
678     1     1     0     1     0 ...                 0  307.0       1 ...
39      1     1     0     1     0 ...                 0  308.0       1 ...
40      1     1     0     1     0 ...                 0  308.0       1 ...
65      0     0     1     0     1 ...                 0  308.0       1 ...
680     0     0     1     0     1 ...                 0  308.0       1 ...
681     0     0     0     1     1 ...                 1  308.0       1 ...
806     1     1     1     0     0 ...                 1  308.0       1 ...
41      1     1     0     1     0 ...                 1  309.0       1 ...
148     1     1     1     0     1 ...                 1  309.0       1 ...
149     1     1     1     0     1 ...                 0  309.0       1 ...
150     1     1     1     0     1 ...                 0  309.0       1 ...
683     1     1     0     0     1 ...                 1  309.0       1 ...
684     1     1     0     0     1 ...                 0  309.0       1 ...
42      1     1     0     1     0 ...                 1  310.0       1 ...
43      1     1     0     1     0 ...                 1  310.0       1 ...
44      1     1     0     1     0 ...                 0  310.0       1 ...
45      1     1     0     1     0 ...                 0  310.0       1 ...
151     1     1     1     0     1 ...                 1  310.0       1 ...
685     1     1     1     1     0 ...                 1  310.0       1 ...
686     1     1     0     1     1 ...                 0  310.0       1 ...
47      1     1     0     1     0 ...                 0  311.0       1 ...
48      1     1     0     1     0 ...                 1  311.0       2 ...
49      1     1     0     1     0 ...                 0  311.0       1 ...
74      0     0     1     0     1 ...                 0  311.0       1 ...
153     1     1     1     0     1 ...                 0  311.0       1 ...
154     1     1     1     0     1 ...                 0  311.0       1 ...
155     1     1     1     0     1 ...                 0  311.0       1 ...
156     1     1     1     0     1 ...                 1  311.0       1 ...
687     1     1     0     1     1 ...                 0  311.0       1 ...
50      1     1     0     1     0 ...                 0  312.0       1 ...
51      1     1     0     1     0 ...                 1  312.0       1 ...
52      1     1     0     1     0 ...                 1  312.0       1 ...
53      1     1     0     1     0 ...                 0  312.0       1 ...
54      1     1     0     1     0 ...                 0  312.0       2 ...
55      1     1     0     1     0 ...                 1  312.0       1 ...
157     1     1     1     0     1 ...                 0  312.0       1 ...
158     1     1     1     0     1 ...                 1  312.0       1 ...
688     1     1     0     1     0 ...                 1  312.0       1 ...
689     0     0     0     1     1 ...                 0  312.0       1 ...
690     0     0     1     1     0 ...                 0  312.0       1 ...
796     0     0     1     1     0 ...                 0  312.0       1 ...
56      1     1     0     1     0 ...                 1  313.0       1 ...
692     1     1     1     1     0 ...                 0  313.0       1 ...
57      1     1     0     1     0 ...                 0  314.0       1 ...
58      1     1     0     1     0 ...                 1  314.0       1 ...
59      1     1     0     1     0 ...                 1  314.0       1 ...
693     1     1     0     1     1 ...                 0  314.0       1 ...
694     0     0     1     1     0 ...                 1  314.0       1 ...
62      1     1     0     1     0 ...                 0  315.0       1 ...
63      1     1     0     1     0 ...                 0  315.0       1 ...
64      1     1     0     1     0 ...                 0  315.0       1 ...
159     1     1     1     0     1 ...                 1  315.0       2 ...
160     1     1     1     0     1 ...                 1  315.0       1 ...
161     1     1     1     0     1 ...                 1  315.0       2 ...
162     1     1     1     0     1 ...                 0  315.0       1 ...
695     1     1     0     0     1 ...                 1  315.0       1 ...
696     0     0     0     1     1 ...                 0  315.0       1 ...
697     1     1     1     0     1 ...                 0  315.0       1 ...
66      1     1     0     1     0 ...                 1  316.0       1 ...
67      1     1     0     1     0 ...                 0  316.0       1 ...
68      1     1     0     1     0 ...                 1  316.0       1 ...
803     0     0     1     1     0 ...                 1  316.0       1 ...
947     1     1     0     1     0 ...                 1  316.0       1 ...
69      1     1     0     1     0 ...                 1  317.0       1 ...
70      1     1     0     1     0 ...                 1  317.0       1 ...
71      1     1     0     1     0 ...                 1  317.0       1 ...
72      1     1     0     1     0 ...                 1  317.0       1 ...
73      1     1     0     1     0 ...                 1  318.0       1 ...
164     1     1     1     0     1 ...                 1  318.0       1 ...
165     1     1     1     0     1 ...                 1  318.0       1 ...
700     1     1     0     0     1 ...                 1  318.0       1 ...
701     1     1     0     1     1 ...                 0  318.0       1 ...
702     1     1     0     1     1 ...                 1  318.0       1 ...
75      1     1     0     1     0 ...                 1  319.0       1 ...
76      1     1     0     1     0 ...                 1  319.0       1 ...
166     1     1     1     0     1 ...                 1  319.0       1 ...
705     1     1     0     1     1 ...                 1  319.0       1 ...
77      1     1     0     1     0 ...                 1  320.0       1 ...
152     1     1     1     0     1 ...                 1  320.0       1 ...
167     1     1     1     0     1 ...                 0  320.0       1 ...
706     0     0     1     1     0 ...                 0  320.0       1 ...
707     1     1     1     0     1 ...                 0  320.0       1 ...
708     1     1     0     1     1 ...                 0  320.0       1 ...
78      1     1     0     1     0 ...                 1  321.0       2 ...
79      1     1     0     1     0 ...                 1  322.0       1 ...
80      1     1     0     1     0 ...                 1  323.0       1 ...
711     0     0     1     1     0 ...                 0  323.0       1 ...
712     1     1     0     1     1 ...                 1  323.0       1 ...
81      1     1     0     1     0 ...                 1  324.0       1 ...
82      1     1     0     1     0 ...                 1  324.0       1 ...
713     1     1     0     1     1 ...                 1  324.0       1 ...
83      1     1     0     1     0 ...                 1  325.0       1 ...
808     0     0     1     1     0 ...                 0  325.0       1 ...
84      1     1     0     1     0 ...                 1  327.0       1 ...
957     1     1     1     1     0 ...                 0  327.0       1 ...
716     1     1     1     1     0 ...                 1  328.0       1 ...
717     1     1     0     1     1 ...                 1  328.0       1 ...
719     1     1     1     0     0 ...                 0  329.0       1 ...
722     1     1     1     1     0 ...                 0  331.0       1 ...
724     1     1     1     1     0 ...                 1  333.0       1 ...
726     1     1     1     0     0 ...                 0  334.0       1 ...
727     1     1     1     1     0 ...                 1  334.0       1 ...
728     1     1     0     1     0 ...                 0  335.0       1 ...
729     1     1     0     1     0 ...                 0  335.0       1 ...
730     1     1     0     0     1 ...                 0  337.0       1 ...
732     1     1     0     1     0 ...                 0  339.0       1 ...
733     1     1     1     0     0 ...                 0  339.0       1 ...
958     1     1     1     0     0 ...                 1  339.0       1 ...
734     1     1     0     1     0 ...                 0  340.0       1 ...
901     1     1     0     1     0 ...                 1  342.0       1 ...
674     1     1     1     0     1 ...                 0  343.0       1 ...
735     1     1     0     1     0 ...                 0  344.0       1 ...
736     1     1     0     1     0 ...                 0  345.0       1 ...
737     1     1     0     1     0 ...                 1  346.0       1 ...
738     1     1     0     1     1 ...                 1  350.0       1 ...
679     1     1     1     0     1 ...                 0  351.0       1 ...
691     1     1     1     0     1 ...                 1  351.0       1 ...
739     1     1     0     1     0 ...                 1  351.0       1 ...
740     1     1     0     1     1 ...                 0  352.0       1 ...
741     1     1     0     1     0 ...                 0  353.0       1 ...
742     1     1     0     1     1 ...                 0  355.0       1 ...
743     1     1     1     0     1 ...                 1  355.0       1 ...
744     1     1     1     0     1 ...                 1  356.0       1 ...
745     1     1     0     0     1 ...                 1  356.0       1 ...
746     1     1     0     1     1 ...                 0  356.0       1 ...
747     0     1     1     1     1 ...                 0  356.0       1 ...
748     1     1     1     0     1 ...                 0  358.0       1 ...
749     1     1     0     1     1 ...                 1  360.0       1 ...
714     1     1     1     0     1 ...                 1  363.0       1 ...
750     1     1     0     1     1 ...                 1  363.0       1 ...
751     1     1     0     1     1 ...                 0  364.0       1 ...
752     0     1     1     0     0 ...                 1  365.0       1 ...
753     0     1     1     0     0 ...                 1  367.0       1 ...
754     0     1     1     0     0 ...                 0  367.0       1 ...
755     0     1     1     0     0 ...                 1  367.0       1 ...
756     0     1     1     1     1 ...                 1  367.0       1 ...
757     0     1     0     1     0 ...                 0  372.0       1 ...
758     0     1     0     1     0 ...                 0  376.0       1 ...
759     1     0     1     0     0 ...                 1  376.0       1 ...
760     0     1     0     1     0 ...                 0  377.0       1 ...
761     1     0     1     1     1 ...                 0  377.0       1 ...
762     1     0     1     0     0 ...                 1  385.0       1 ...
763     0     1     1     0     0 ...                 1  386.0       1 ...
764     0     1     1     0     0 ...                 0  387.0       1 ...
765     0     1     0     1     0 ...                 0  390.0       1 ...
766     0     1     0     1     0 ...                 0  390.0       1 ...
767     1     0     1     1     1 ...                 0  393.0       1 ...
768     1     0     0     1     0 ...                 1  395.0       1 ...
769     1     0     0     1     0 ...                 0  396.0       1 ...
770     0     1     0     1     0 ...                 0  397.0       1 ...
771     1     0     0     1     0 ...                 1  400.0       1 ...
772     1     0     0     1     0 ...                 0  400.0       1 ...
773     1     0     0     1     0 ...                 0  401.0       1 ...
774     0     1     1     0     0 ...                 0  402.0       1 ...
775     0     1     0     1     0 ...                 0  404.0       1 ...
776     1     0     0     1     0 ...                 1  404.0       1 ...
223     1     0     1     0     0 ...                 1  406.0       1 ...
777     0     1     1     0     0 ...                 1  407.0       1 ...
778     0     1     1     0     0 ...                 1  407.0       2 ...
779     0     1     0     1     0 ...                 0  410.0       1 ...
780     1     0     0     1     0 ...                 0  415.0       1 ...
781     1     0     1     0     0 ...                 1  416.0       1 ...
782     1     0     1     0     0 ...                 1  416.0       1 ...
783     0     0     0     1     0 ...                 0  417.0       1 ...
784     1     0     0     1     0 ...                 1  417.0       1 ...
224     1     0     1     0     0 ...                 0  419.0       1 ...
225     1     0     1     0     0 ...                 0  419.0       1 ...
785     0     1     1     0     0 ...                 1  421.0       1 ...
786     1     0     0     1     0 ...                 1  421.0       1 ...
903     0     1     1     0     0 ...                 1  421.0       1 ...
787     0     0     0     1     0 ...                 1  424.0       1 ...
226     1     0     1     0     0 ...                 1  425.0       1 ...
788     0     0     0     1     0 ...                 1  425.0       1 ...
227     1     0     1     0     0 ...                 1  427.0       1 ...
789     0     1     0     1     0 ...                 0  427.0       1 ...
790     0     1     0     1     0 ...                 0  433.0       1 ...
792     0     0     1     1     0 ...                 0  439.0       1 ...
797     0     0     1     1     0 ...                 0  445.0       1 ...
913     0     1     1     0     1 ...                 1  445.0       1 ...
798     0     1     1     0     1 ...                 0  446.0       1 ...
799     1     1     0     0     1 ...                 0  446.0       1 ...
800     0     0     1     1     0 ...                 1  446.0       1 ...
228     0     1     0     1     1 ...                 0  450.0       1 ...
229     0     1     0     1     1 ...                 0  451.0       1 ...
230     0     1     0     1     1 ...                 0  451.0       1 ...
805     0     1     1     0     1 ...                 0  451.0       1 ...
231     0     1     0     1     1 ...                 0  453.0       1 ...
807     1     0     1     0     1 ...                 0  453.0       1 ...
232     0     1     0     1     1 ...                 0  454.0       1 ...
233     0     1     0     1     1 ...                 0  454.0       1 ...
234     0     1     0     1     1 ...                 0  455.0       1 ...
235     0     1     0     1     1 ...                 0  456.0       1 ...
236     0     1     0     1     1 ...                 0  456.0       1 ...
809     0     1     0     1     1 ...                 0  456.0       1 ...
810     0     1     0     1     1 ...                 0  456.0       1 ...
811     0     0     1     1     1 ...                 1  456.0       1 ...
812     1     1     0     0     1 ...                 1  457.0       1 ...
237     0     1     0     1     1 ...                 0  459.0       1 ...
238     0     1     0     1     1 ...                 1  459.0       1 ...
239     0     1     0     1     1 ...                 0  459.0       1 ...
813     1     1     0     0     1 ...                 1  459.0       1 ...
814     0     0     1     1     1 ...                 1  460.0       1 ...
815     1     0     1     0     1 ...                 0  460.0       1 ...
241     0     1     0     1     1 ...                 1  461.0       2 ...
905     1     0     0     1     1 ...                 0  464.0       1 ...
816     1     1     1     0     1 ...                 1  466.0       1 ...
817     1     0     0     1     1 ...                 1  466.0       1 ...
243     0     1     0     1     1 ...                 1  467.0       1 ...
818     1     0     0     1     1 ...                 1  467.0       1 ...
907     1     0     0     1     1 ...                 0  467.0       1 ...
244     0     1     0     1     1 ...                 1  468.0       1 ...
820     1     0     0     1     1 ...                 1  468.0       1 ...
245     0     1     0     1     1 ...                 0  469.0       1 ...
248     0     1     0     1     1 ...                 1  471.0       2 ...
249     0     1     0     1     1 ...                 1  471.0       1 ...
821     1     0     0     1     1 ...                 1  472.0       1 ...
822     0     1     0     1     1 ...                 1  473.0       1 ...
823     1     1     1     0     1 ...                 1  475.0       1 ...
826     1     1     1     0     1 ...                 0  480.0       1 ...
827     0     1     1     0     1 ...                 0  480.0       1 ...
828     1     1     0     1     1 ...                 1  482.0       1 ...
829     1     1     1     0     1 ...                 0  482.0       1 ...
830     0     1     1     0     1 ...                 1  482.0       1 ...
279     0     1     0     1     1 ...                 1  484.0       1 ...
832     0     1     0     1     1 ...                 1  484.0       1 ...
834     1     1     0     1     1 ...                 0  485.0       1 ...
835     0     1     1     0     1 ...                 1  486.0       1 ...
838     1     1     0     1     1 ...                 0  490.0       1 ...
839     0     1     0     1     1 ...                 1  490.0       1 ...
840     0     1     1     0     1 ...                 1  491.0       1 ...
843     1     1     0     1     1 ...                 0  495.0       1 ...
920     0     1     0     1     1 ...                 1  495.0       1 ...
844     1     0     0     1     1 ...                 1  496.0       1 ...
846     0     1     0     1     1 ...                 1  498.0       1 ...
847     0     1     1     0     1 ...                 1  499.0       1 ...
851     1     1     0     1     1 ...                 0  501.0       1 ...
852     1     0     0     1     1 ...                 1  503.0       1 ...
854     0     1     0     1     1 ...                 1  504.0       1 ...
857     1     0     0     1     1 ...                 0  508.0       1 ...
859     1     0     0     1     1 ...                 0  513.0       1 ...
865     0     0     0     0     0 ...                 1  536.0       1 ...
866     0     0     0     0     0 ...                 1  537.0       1 ...
873     0     0     0     0     0 ...                 1  570.0       1 ...
874     0     0     0     0     0 ...                 0  574.0       1 ...
881     1     0     0     0     1 ...                 1  602.0       1 ...
883     0     1     0     0     1 ...                 1  610.0       1 ...
884     1     0     0     0     1 ...                 0  610.0       1 ...
885     1     0     0     0     1 ...                 0  611.0       1 ...
886     0     1     0     0     1 ...                 1  613.0       1 ...
887     1     0     1     1     0 ...                 0  617.0       1 ...
889     0     1     1     1     0 ...                 0  623.0       1 ...
891     0     1     1     1     0 ...                 1  629.0       1 ...
892     0     1     1     1     0 ...                 1  631.0       1 ...
893     0     1     0     0     1 ...                 0  632.0       1 ...
894     1     0     1     1     0 ...                 1  636.0       1 ...
895     0     1     1     1     0 ...                 0  639.0       1 ...
911     0     1     1     1     0 ...                 0  639.0       1 ...
897     0     1     1     1     0 ...                 1  641.0       1 ...
898     1     0     0     0     1 ...                 0  651.0       1 ...
914     0     1     1     1     0 ...                 0  660.0       1 ...
899     0     1     1     1     0 ...                 1  663.0       1 ...
900     0     1     1     1     0 ...                 0  668.0       1 ...
917     0     1     1     1     0 ...                 0  680.0       1 ...
919     1     0     1     1     0 ...                 0  689.0       1 ...
902     1     0     1     1     0 ...                 0  690.0       1 ...
909     1     1     1     1     1 ...                 0  750.0       1 ...
915     0     0     1     0     0 ...                 1  803.0       1 ...
471     0     0     1     0     0 ...                 1  823.0       1 ...
921     0     0     0     1     0 ...                 0  826.0       1 ...
923     0     0     0     1     0 ...                 0  847.0       1 ...
521     0     0     1     0     0 ...                 1  848.0       1 ...
557     0     0     1     0     0 ...                 1  860.0       1 ...
568     0     0     1     0     0 ...                 0  863.0       1 ...
945     0     1     1     0     0 ...                 1  876.0       1 ...
924     0     1     1     0     0 ...                 0  878.0       1 ...
926     1     1     0     0     0 ...                 1  889.0       1 ...
927     1     1     0     0     1 ...                 1  894.0       1 ...
929     1     0     1     0     1 ...                 0  896.0       1 ...
930     0     0     1     1     1 ...                 1  897.0       1 ...
946     0     1     0     1     0 ...                 1  898.0       1 ...
896     0     0     1     1     1 ...                 1  899.0       1 ...
931     1     0     0     1     1 ...                 1  900.0       1 ...
960     0     1     0     1     1 ...                 0  907.0       1 ...
163     0     0     1     1     0 ...                 0  915.0       1 ...
440     0     0     1     1     0 ...                 1  916.0       1 ...
168     0     0     1     1     0 ...                 0  920.0       1 ...
169     0     0     1     1     0 ...                 0  920.0       1 ...
175     0     0     1     1     0 ...                 0  920.0       1 ...
179     0     0     1     1     0 ...                 1  920.0       1 ...
181     0     0     1     1     0 ...                 0  920.0       2 ...
171     0     0     1     1     0 ...                 1  921.0       1 ...
173     0     0     1     1     0 ...                 0  921.0       1 ...
174     0     0     1     1     0 ...                 1  921.0       1 ...
182     0     0     1     1     0 ...                 0  921.0       1 ...
462     0     0     1     1     0 ...                 0  921.0       1 ...
170     0     0     1     1     0 ...                 0  923.0       1 ...
172     0     0     1     1     0 ...                 0  923.0       1 ...
819     1     1     1     0     1 ...                 0  923.0       1 ...
176     0     0     1     1     0 ...                 1  924.0       1 ...
177     0     0     1     1     0 ...                 1  924.0       1 ...
178     0     0     1     1     0 ...                 0  924.0       1 ...
180     0     0     1     1     0 ...                 0  924.0       1 ...
189     0     0     1     1     0 ...                 1  924.0       1 ...
190     0     0     1     1     0 ...                 1  924.0       1 ...
464     0     0     1     1     0 ...                 1  924.0       1 ...
465     0     0     1     1     0 ...                 0  924.0       1 ...
904     0     0     1     1     0 ...                 0  924.0       1 ...
187     0     0     1     1     0 ...                 1  925.0       1 ...
185     0     0     1     1     0 ...                 0  926.0       1 ...
183     0     0     1     1     0 ...                 1  927.0       1 ...
192     0     0     1     1     0 ...                 1  928.0       1 ...
193     0     0     1     1     0 ...                 1  928.0       1 ...
186     0     0     1     1     0 ...                 1  929.0       2 ...
188     0     0     1     1     0 ...                 1  929.0       1 ...
195     0     0     1     1     0 ...                 0  931.0       1 ...
196     0     0     1     1     0 ...                 0  931.0       1 ...
191     0     0     1     1     0 ...                 1  932.0       1 ...
201     0     0     1     1     0 ...                 0  934.0       1 ...
202     0     0     1     1     0 ...                 0  934.0       1 ...
197     0     0     1     1     0 ...                 0  935.0       1 ...
203     0     0     1     1     0 ...                 0  935.0       1 ...
199     0     0     1     1     0 ...                 1  936.0       1 ...
200     0     0     1     1     0 ...                 0  936.0       1 ...
825     0     0     1     1     1 ...                 0  936.0       1 ...
198     0     0     1     1     0 ...                 1  937.0       1 ...
698     1     1     0     1     1 ...                 1  938.0       1 ...
699     1     1     0     1     1 ...                 0  938.0       2 ...
204     0     0     1     1     0 ...                 0  939.0       1 ...
205     0     0     1     1     0 ...                 1  939.0       1 ...
206     0     0     1     1     0 ...                 0  939.0       2 ...
207     0     0     1     1     0 ...                 1  939.0       1 ...
209     0     0     1     1     0 ...                 1  939.0       1 ...
217     0     0     1     1     0 ...                 0  940.0       1 ...
704     1     1     0     1     1 ...                 0  940.0       1 ...
210     0     0     1     1     0 ...                 0  941.0       1 ...
212     0     0     1     1     0 ...                 1  941.0       3 ...
213     0     0     1     1     0 ...                 1  941.0       1 ...
218     0     0     1     1     0 ...                 1  941.0       1 ...
961     1     1     0     1     1 ...                 1  942.0       1 ...
211     0     0     1     1     0 ...                 0  943.0       1 ...
709     1     1     0     1     1 ...                 0  943.0       1 ...
214     0     0     1     1     0 ...                 1  944.0       1 ...
221     0     0     1     1     0 ...                 1  944.0       1 ...
222     0     0     1     1     0 ...                 0  946.0       1 ...
934     1     1     0     1     1 ...                 0  946.0       1 ...
715     1     1     0     1     1 ...                 0  948.0       1 ...
219     0     0     1     1     0 ...                 0  949.0       1 ...
718     1     1     0     1     1 ...                 0  950.0       1 ...
721     1     1     0     1     1 ...                 0  951.0       1 ...
723     1     1     0     1     1 ...                 1  953.0       1 ...
935     0     0     1     1     1 ...                 0  953.0       1 ...
725     1     1     0     1     1 ...                 1  955.0       1 ...
853     0     0     1     1     1 ...                 1  958.0       1 ...
936     1     1     0     1     1 ...                 1  987.0       1 ...
937     1     1     0     1     1 ...                 1  987.0       1 ...
600     0     0     0     1     0 ...                 0 1191.0       1 ...
595     0     0     0     1     0 ...                 1 1192.0       1 ...
573     0     0     0     1     0 ...                 0 1193.0       1 ...
574     0     0     0     1     0 ...                 0 1193.0       1 ...
585     0     0     0     1     0 ...                 0 1193.0       1 ...
603     0     0     0     1     0 ...                 1 1196.0       1 ...
596     0     0     0     1     0 ...                 1 1197.0       1 ...
590     0     0     0     1     0 ...                 0 1198.0       1 ...
604     0     0     0     1     0 ...                 0 1199.0       1 ...
922     0     0     0     1     0 ...                 0 1199.0       1 ...
620     0     0     0     1     0 ...                 1 1207.0       1 ...
953     0     0     0     1     1 ...                 0 1209.0       1 ...
627     0     0     0     1     0 ...                 1 1211.0       1 ...
872     1     1     1     1     0 ...                 0 1214.0       1 ...
954     0     0     0     1     1 ...                 1 1214.0       1 ...
878     1     1     1     1     0 ...                 0 1239.0       1 ...
943     1     1     1     1     0 ...                 1 1267.0       1 ...
944     1     1     1     1     0 ...                 1 1269.0       1 ...
942     1     0     0     0     1 ...                 1 1538.0       1 ...
939     1     1     1     0     0 ...                 1 1579.0       1 ...
952     1     1     1     0     0 ...                 0 1580.0       1 ...
928     0     1     1     1     1 ...                 0 1595.0       1 ...
869     0     1     1     1     1 ...                 1 1599.0       1 ...
870     0     1     1     1     1 ...                 1 1599.0       1 ...
925     0     1     1     1     1 ...                 1 1604.0       1 ...
868     0     1     1     1     1 ...                 0 1606.0       1 ...
871     0     1     1     1     1 ...                 1 1612.0       1 ...
875     0     1     1     1     0 ...                 0 1619.0       1 ...
876     0     1     1     1     0 ...                 0 1622.0       1 ...
879     1     0     1     1     0 ...                 0 1622.0       1 ...
877     0     1     1     1     0 ...                 0 1624.0       1 ...
950     0     1     1     1     0 ...                 0 1625.0       1 ...
880     1     0     1     1     0 ...                 0 1628.0       1 ...
932     0     1     1     1     0 ...                 1 1628.0       1 ...
933     1     0     1     1     0 ...                 0 1632.0       1 ...
949     0     1     1     1     0 ...                 1 1636.0       1 ...
955     1     0     1     0     1 ...                 1 1949.0       1 ...
906     0     1     0     1     0 ...                 1 2007.0       1 ...
959     0     1     0     1     1 ...                 0 2012.0       1 ...
910     0     1     0     1     0 ...                 1 2023.0       1 ...
793     0     0     1     1     1 ...                 1 2074.0       1 ...
794     0     0     1     1     1 ...                 0 2074.0       1 ...
804     0     0     1     1     1 ...                 0 2079.0       1 ...
801     0     0     1     1     1 ...                 0 2083.0       1 ...
802     0     0     1     1     1 ...                 0 2083.0       1 ...
951     0     0     0     1     1 ...                 0 2512.0       1 ...
556     1     1     1     1     1 ...                 1 2520.0       1 ...
579     1     1     1     1     1 ...                 0 2521.0       1 ...
580     1     1     1     1     1 ...                 0 2521.0       1 ...
578     1     1     1     1     1 ...                 1 2525.0       1 ...
530     1     1     1     1     1 ...                 0 2526.0       1 ...
544     1     1     1     1     1 ...                 0 2532.0       1 ...
606     1     1     1     1     1 ...                 1 2534.0       1 ...
552     1     1     1     1     1 ...                 0 2535.0       1 ...
560     1     1     1     1     1 ...                 0 2537.0       1 ...
553     1     1     1     1     1 ...                 1 2539.0       1 ...
591     1     1     1     1     1 ...                 1 2549.0       1 ...
912     1     1     1     0     1 ...                 1 3047.0       1 ...
948     0     1     1     1     1 ...                 0 3066.0       1 ...
['BINARY', 962 rows, 1000 samples, 16 variables]
sample {'P0_AM': 0, 'P0_PM': 1, 'P1_AM': 1, 'P1_PM': 0, 'P2_AM': 0, 'P2_PM': 1, 'P3_AM': 0, 'P3_PM': 1, 'slack_c1_pump_0_0': 1, 'slack_c1_pump_1_0': 1, 'slack_c1_pump_2_0': 1, 'slack_c1_pump_3_0': 1, 'slack_c2_time_0_0': 1, 'slack_c2_time_0_1': 1, 'slack_c2_time_1_0': 1, 'slack_c2_time_1_1': 0}

        AM      PM
Traceback (most recent call last):
  File "/workspace/n-queens/pump_example.py", line 75, in <module>
    total_flow += sample[ x[p][t] * flow[p] ]
KeyError: 'P0_AMP0_AM'